\BOOKMARK [0][-]{section*.2}{List of Figures}{}
\BOOKMARK [0][-]{chapter.1}{Introduction}{}
\BOOKMARK [1][-]{section.1.1}{Background}{chapter.1}
\BOOKMARK [1][-]{section.1.2}{Purpose}{chapter.1}
\BOOKMARK [1][-]{section.1.3}{Bibliographic Revision}{chapter.1}
\BOOKMARK [1][-]{section.1.4}{Thesis Outline}{chapter.1}
\BOOKMARK [0][-]{chapter.2}{Model Predictive Control}{}
\BOOKMARK [1][-]{section.2.1}{Introduction}{chapter.2}
\BOOKMARK [2][-]{subsection.2.1.1}{Optimization problem}{section.2.1}
\BOOKMARK [2][-]{subsection.2.1.2}{Quadratic programming problem}{section.2.1}
\BOOKMARK [2][-]{subsection.2.1.3}{Active and Inactive Constraints and Sets}{section.2.1}
\BOOKMARK [2][-]{subsection.2.1.4}{Feasibility}{section.2.1}
\BOOKMARK [2][-]{subsection.2.1.5}{Convexity}{section.2.1}
\BOOKMARK [2][-]{subsection.2.1.6}{Karush-Kuhn-Tucker Conditions}{section.2.1}
\BOOKMARK [1][-]{section.2.2}{Model Predictive Control Theory}{chapter.2}
\BOOKMARK [2][-]{subsection.2.2.1}{Model}{section.2.2}
\BOOKMARK [2][-]{subsection.2.2.2}{Objective Function}{section.2.2}
\BOOKMARK [2][-]{subsection.2.2.3}{Constraints}{section.2.2}
\BOOKMARK [2][-]{subsection.2.2.4}{Optimization}{section.2.2}
\BOOKMARK [2][-]{subsection.2.2.5}{Horizons}{section.2.2}
\BOOKMARK [1][-]{section.2.3}{Summary}{chapter.2}
\BOOKMARK [0][-]{chapter.3}{Dynamic Modeling of a Quadrotor}{}
\BOOKMARK [1][-]{section.3.1}{Theoretical Derivation of the Quadrotor Model}{chapter.3}
\BOOKMARK [1][-]{section.3.2}{Verification of the Model}{chapter.3}
\BOOKMARK [2][-]{subsection.3.2.1}{Upward motion along the X axis}{section.3.2}
\BOOKMARK [2][-]{subsection.3.2.2}{Lateral movement along the X axis}{section.3.2}
\BOOKMARK [2][-]{subsection.3.2.3}{Lateral movement along the Y axis}{section.3.2}
\BOOKMARK [1][-]{section.3.3}{Summary}{chapter.3}
\BOOKMARK [0][-]{chapter.4}{Software Architecture and Implementation}{}
\BOOKMARK [1][-]{section.4.1}{Robot Operative System \(ROS\)}{chapter.4}
\BOOKMARK [2][-]{subsection.4.1.1}{Nomenclature}{section.4.1}
\BOOKMARK [1][-]{section.4.2}{Library overview}{chapter.4}
\BOOKMARK [1][-]{section.4.3}{Interface classes}{chapter.4}
\BOOKMARK [2][-]{subsection.4.3.1}{Model}{section.4.3}
\BOOKMARK [2][-]{subsection.4.3.2}{Optimizer}{section.4.3}
\BOOKMARK [2][-]{subsection.4.3.3}{Simulator}{section.4.3}
\BOOKMARK [2][-]{subsection.4.3.4}{ModelPredictiveControl}{section.4.3}
\BOOKMARK [1][-]{section.4.4}{Summary}{chapter.4}
\BOOKMARK [0][-]{chapter.5}{Results and Discussion}{}
\BOOKMARK [1][-]{section.5.1}{Tank system simulations}{chapter.5}
\BOOKMARK [2][-]{subsection.5.1.1}{Simulation settings and parameters}{section.5.1}
\BOOKMARK [2][-]{subsection.5.1.2}{Results}{section.5.1}
\BOOKMARK [2][-]{subsection.5.1.3}{Discussion}{section.5.1}
\BOOKMARK [1][-]{section.5.2}{Quadrotor simulations}{chapter.5}
\BOOKMARK [2][-]{subsection.5.2.1}{Simulation settings and parameters}{section.5.2}
\BOOKMARK [2][-]{subsection.5.2.2}{Results}{section.5.2}
\BOOKMARK [2][-]{subsection.5.2.3}{Discussion}{section.5.2}
\BOOKMARK [0][-]{chapter.6}{Conclusions and Future Work}{}
\BOOKMARK [1][-]{section.6.1}{Future Work}{chapter.6}
\BOOKMARK [0][-]{section*.32}{Bibliography}{}
\BOOKMARK [0][-]{appendix.A}{Appendix: MPC Parameters}{}
\BOOKMARK [1][-]{section.A.1}{Tank System}{appendix.A}
\BOOKMARK [2][-]{subsection.A.1.1}{State Space matrices}{section.A.1}
\BOOKMARK [2][-]{subsection.A.1.2}{Weight matrices}{section.A.1}
\BOOKMARK [1][-]{section.A.2}{Quadrotor}{appendix.A}
\BOOKMARK [2][-]{subsection.A.2.1}{State Space matrices}{section.A.2}
\BOOKMARK [2][-]{subsection.A.2.2}{Weight matrices }{section.A.2}
